
======================= START! ========================

Dataset:
	Train set size = 4399
	Test set size = 488
	Vocabulary size = 8713
	Input layer size = 142
	Number of classes = 2

Output folder: /home/anhtu/IT/GR3/twitter-event-cnn/output/run20180516-080032
Data processing OK, creating network...
Step 34 of 170 (epoch 1), validation accuracy: 0.880258, validation loss: 84.8998
Saving checkpoint...
Step 68 of 170 (epoch 2), validation accuracy: 0.880258, validation loss: 86.0031
Saving checkpoint...
Step 102 of 170 (epoch 3), validation accuracy: 0.882212, validation loss: 79.5085
Saving checkpoint...
Step 136 of 170 (epoch 4), validation accuracy: 0.882212, validation loss: 76.6744
Saving checkpoint...
Step 170 of 170 (epoch 5), validation accuracy: 0.882212, validation loss: 76.5211
Saving checkpoint...
End of training, validation accuracy: 0.884165, validation loss: 74.1389
Saving checkpoint...