
======================= START! ========================

Dataset:
	Train set size = 4399
	Test set size = 488
	Vocabulary size = 8713
	Input layer size = 142
	Number of classes = 2

Output folder: /home/anhtu/IT/GR3/event-detection-cnn/output/run20180528-011452
Data processing OK, creating network...
Step 34 of 3400 (epoch 1), validation accuracy: 0.880258, validation loss: 79.7276
Saving checkpoint...
Step 68 of 3400 (epoch 2), validation accuracy: 0.888522, validation loss: 71.5898
Saving checkpoint...
Step 102 of 3400 (epoch 3), validation accuracy: 0.902644, validation loss: 62.1629
Saving checkpoint...
Step 136 of 3400 (epoch 4), validation accuracy: 0.897837, validation loss: 62.032
Saving checkpoint...
Step 170 of 3400 (epoch 5), validation accuracy: 0.902194, validation loss: 62.9573
Saving checkpoint...
Step 204 of 3400 (epoch 6), validation accuracy: 0.904147, validation loss: 58.9141
Saving checkpoint...
Step 238 of 3400 (epoch 7), validation accuracy: 0.9061, validation loss: 59.9489
Saving checkpoint...
Step 272 of 3400 (epoch 8), validation accuracy: 0.9061, validation loss: 58.0182
Saving checkpoint...
Step 306 of 3400 (epoch 9), validation accuracy: 0.9061, validation loss: 54.9822
Saving checkpoint...
Step 340 of 3400 (epoch 10), validation accuracy: 0.9061, validation loss: 58.067
Saving checkpoint...
Step 374 of 3400 (epoch 11), validation accuracy: 0.910457, validation loss: 56.716
Saving checkpoint...
Step 408 of 3400 (epoch 12), validation accuracy: 0.908053, validation loss: 53.2082
Saving checkpoint...
Step 442 of 3400 (epoch 13), validation accuracy: 0.910457, validation loss: 54.3231
Saving checkpoint...
Step 476 of 3400 (epoch 14), validation accuracy: 0.910457, validation loss: 52.9323
Saving checkpoint...
Step 510 of 3400 (epoch 15), validation accuracy: 0.914363, validation loss: 50.6358
Saving checkpoint...
Step 544 of 3400 (epoch 16), validation accuracy: 0.914363, validation loss: 50.0855
Saving checkpoint...
Step 578 of 3400 (epoch 17), validation accuracy: 0.916316, validation loss: 48.9816
Saving checkpoint...
Step 612 of 3400 (epoch 18), validation accuracy: 0.918269, validation loss: 48.2599
Saving checkpoint...
Step 646 of 3400 (epoch 19), validation accuracy: 0.91241, validation loss: 50.7477
Saving checkpoint...
Step 680 of 3400 (epoch 20), validation accuracy: 0.920222, validation loss: 47.384
Saving checkpoint...
Step 714 of 3400 (epoch 21), validation accuracy: 0.920222, validation loss: 47.7613
Saving checkpoint...
Step 748 of 3400 (epoch 22), validation accuracy: 0.920222, validation loss: 45.6424
Saving checkpoint...
Step 782 of 3400 (epoch 23), validation accuracy: 0.920222, validation loss: 47.1431
Saving checkpoint...
Step 816 of 3400 (epoch 24), validation accuracy: 0.924579, validation loss: 43.4588
Saving checkpoint...
Step 850 of 3400 (epoch 25), validation accuracy: 0.922175, validation loss: 44.4216
Saving checkpoint...
Step 884 of 3400 (epoch 26), validation accuracy: 0.920222, validation loss: 45.6426
Saving checkpoint...
Step 918 of 3400 (epoch 27), validation accuracy: 0.922175, validation loss: 43.4133
Saving checkpoint...
Step 952 of 3400 (epoch 28), validation accuracy: 0.922175, validation loss: 44.3793
Saving checkpoint...
Step 986 of 3400 (epoch 29), validation accuracy: 0.924579, validation loss: 43.517
Saving checkpoint...
Step 1020 of 3400 (epoch 30), validation accuracy: 0.922175, validation loss: 44.8344
Saving checkpoint...
Step 1054 of 3400 (epoch 31), validation accuracy: 0.922175, validation loss: 43.9928
Saving checkpoint...
Step 1088 of 3400 (epoch 32), validation accuracy: 0.926532, validation loss: 40.6061
Saving checkpoint...
Step 1122 of 3400 (epoch 33), validation accuracy: 0.926532, validation loss: 42.9292
Saving checkpoint...
Step 1156 of 3400 (epoch 34), validation accuracy: 0.924579, validation loss: 40.5435
Saving checkpoint...
Step 1190 of 3400 (epoch 35), validation accuracy: 0.926532, validation loss: 42.0091
Saving checkpoint...
Step 1224 of 3400 (epoch 36), validation accuracy: 0.926532, validation loss: 41.6965
Saving checkpoint...
Step 1258 of 3400 (epoch 37), validation accuracy: 0.926532, validation loss: 41.4855
Saving checkpoint...
Step 1292 of 3400 (epoch 38), validation accuracy: 0.926532, validation loss: 40.2331
Saving checkpoint...
Step 1326 of 3400 (epoch 39), validation accuracy: 0.928486, validation loss: 41.1936
Saving checkpoint...
Step 1360 of 3400 (epoch 40), validation accuracy: 0.926532, validation loss: 40.6545
Saving checkpoint...
Step 1394 of 3400 (epoch 41), validation accuracy: 0.924579, validation loss: 39.2658
Saving checkpoint...
Step 1428 of 3400 (epoch 42), validation accuracy: 0.924579, validation loss: 40.29
Saving checkpoint...
Step 1462 of 3400 (epoch 43), validation accuracy: 0.924579, validation loss: 39.3656
Saving checkpoint...
Step 1496 of 3400 (epoch 44), validation accuracy: 0.930889, validation loss: 40.189
Saving checkpoint...
Step 1530 of 3400 (epoch 45), validation accuracy: 0.924579, validation loss: 38.194
Saving checkpoint...
Step 1564 of 3400 (epoch 46), validation accuracy: 0.926983, validation loss: 41.4163
Saving checkpoint...
Step 1598 of 3400 (epoch 47), validation accuracy: 0.926082, validation loss: 37.3391
Saving checkpoint...
Step 1632 of 3400 (epoch 48), validation accuracy: 0.924579, validation loss: 39.6857
Saving checkpoint...
Step 1666 of 3400 (epoch 49), validation accuracy: 0.928486, validation loss: 41.0832
Saving checkpoint...
Step 1700 of 3400 (epoch 50), validation accuracy: 0.926532, validation loss: 39.0527
Saving checkpoint...
Step 1734 of 3400 (epoch 51), validation accuracy: 0.926532, validation loss: 38.1666
Saving checkpoint...
Step 1768 of 3400 (epoch 52), validation accuracy: 0.928936, validation loss: 39.7155
Saving checkpoint...
Step 1802 of 3400 (epoch 53), validation accuracy: 0.926532, validation loss: 37.8269
Saving checkpoint...
Step 1836 of 3400 (epoch 54), validation accuracy: 0.930889, validation loss: 40.164
Saving checkpoint...
Step 1870 of 3400 (epoch 55), validation accuracy: 0.928936, validation loss: 38.8005
Saving checkpoint...
Step 1904 of 3400 (epoch 56), validation accuracy: 0.928936, validation loss: 38.8573
Saving checkpoint...
Step 1938 of 3400 (epoch 57), validation accuracy: 0.928936, validation loss: 37.8583
Saving checkpoint...
Step 1972 of 3400 (epoch 58), validation accuracy: 0.930889, validation loss: 38.093
Saving checkpoint...
Step 2006 of 3400 (epoch 59), validation accuracy: 0.930889, validation loss: 38.4945
Saving checkpoint...
Step 2040 of 3400 (epoch 60), validation accuracy: 0.930889, validation loss: 38.6258
Saving checkpoint...
Step 2074 of 3400 (epoch 61), validation accuracy: 0.928936, validation loss: 37.54
Saving checkpoint...
Step 2108 of 3400 (epoch 62), validation accuracy: 0.930889, validation loss: 38.5851
Saving checkpoint...
Step 2142 of 3400 (epoch 63), validation accuracy: 0.930889, validation loss: 36.3104
Saving checkpoint...
Step 2176 of 3400 (epoch 64), validation accuracy: 0.928936, validation loss: 37.1967
Saving checkpoint...
Step 2210 of 3400 (epoch 65), validation accuracy: 0.928936, validation loss: 38.249
Saving checkpoint...
Step 2244 of 3400 (epoch 66), validation accuracy: 0.928936, validation loss: 36.5149
Saving checkpoint...
Step 2278 of 3400 (epoch 67), validation accuracy: 0.928936, validation loss: 37.4951
Saving checkpoint...
Step 2312 of 3400 (epoch 68), validation accuracy: 0.930889, validation loss: 38.8256
Saving checkpoint...
Step 2346 of 3400 (epoch 69), validation accuracy: 0.930889, validation loss: 36.6911
Saving checkpoint...
Step 2380 of 3400 (epoch 70), validation accuracy: 0.930889, validation loss: 37.196
Saving checkpoint...
Step 2414 of 3400 (epoch 71), validation accuracy: 0.928936, validation loss: 37.8487
Saving checkpoint...
Step 2448 of 3400 (epoch 72), validation accuracy: 0.930889, validation loss: 37.1956
Saving checkpoint...
Step 2482 of 3400 (epoch 73), validation accuracy: 0.930889, validation loss: 38.1919
Saving checkpoint...
Step 2516 of 3400 (epoch 74), validation accuracy: 0.930889, validation loss: 37.6259
Saving checkpoint...
Step 2550 of 3400 (epoch 75), validation accuracy: 0.930889, validation loss: 37.4167
Saving checkpoint...
Step 2584 of 3400 (epoch 76), validation accuracy: 0.930889, validation loss: 37.7405
Saving checkpoint...
Step 2618 of 3400 (epoch 77), validation accuracy: 0.930889, validation loss: 37.5933
Saving checkpoint...
Step 2652 of 3400 (epoch 78), validation accuracy: 0.930889, validation loss: 37.6298
Saving checkpoint...
Step 2686 of 3400 (epoch 79), validation accuracy: 0.930439, validation loss: 36.6097
Saving checkpoint...
Step 2720 of 3400 (epoch 80), validation accuracy: 0.930889, validation loss: 38.7633
Saving checkpoint...
Step 2754 of 3400 (epoch 81), validation accuracy: 0.928486, validation loss: 37.0968
Saving checkpoint...
Step 2788 of 3400 (epoch 82), validation accuracy: 0.930439, validation loss: 36.5394
Saving checkpoint...
Step 2822 of 3400 (epoch 83), validation accuracy: 0.928486, validation loss: 37.4761
Saving checkpoint...
Step 2856 of 3400 (epoch 84), validation accuracy: 0.928486, validation loss: 38.672
Saving checkpoint...
Step 2890 of 3400 (epoch 85), validation accuracy: 0.928486, validation loss: 35.5761
Saving checkpoint...
Step 2924 of 3400 (epoch 86), validation accuracy: 0.930439, validation loss: 37.8986
Saving checkpoint...
Step 2958 of 3400 (epoch 87), validation accuracy: 0.930439, validation loss: 37.5498
Saving checkpoint...
Step 2992 of 3400 (epoch 88), validation accuracy: 0.928486, validation loss: 38.2054
Saving checkpoint...
Step 3026 of 3400 (epoch 89), validation accuracy: 0.928486, validation loss: 38.891
Saving checkpoint...
Step 3060 of 3400 (epoch 90), validation accuracy: 0.930439, validation loss: 37.7381
Saving checkpoint...
Step 3094 of 3400 (epoch 91), validation accuracy: 0.928486, validation loss: 36.9875
Saving checkpoint...
Step 3128 of 3400 (epoch 92), validation accuracy: 0.924129, validation loss: 36.6006
Saving checkpoint...
Step 3162 of 3400 (epoch 93), validation accuracy: 0.930439, validation loss: 37.0778
Saving checkpoint...
Step 3196 of 3400 (epoch 94), validation accuracy: 0.930439, validation loss: 37.3268
Saving checkpoint...
Step 3230 of 3400 (epoch 95), validation accuracy: 0.926532, validation loss: 39.5598
Saving checkpoint...
Step 3264 of 3400 (epoch 96), validation accuracy: 0.930439, validation loss: 38.3225
Saving checkpoint...
Step 3298 of 3400 (epoch 97), validation accuracy: 0.930439, validation loss: 38.1516
Saving checkpoint...
Step 3332 of 3400 (epoch 98), validation accuracy: 0.932392, validation loss: 38.3649
Saving checkpoint...
Step 3366 of 3400 (epoch 99), validation accuracy: 0.928035, validation loss: 37.3936
Saving checkpoint...
Step 3400 of 3400 (epoch 100), validation accuracy: 0.928035, validation loss: 37.2641
Saving checkpoint...
Step 3434 of 3400 (epoch 101), validation accuracy: 0.932392, validation loss: 38.4149
Saving checkpoint...
Step 3468 of 3400 (epoch 102), validation accuracy: 0.928035, validation loss: 37.69
Saving checkpoint...
End of training, validation accuracy: 0.929988, validation loss: 37.3673
Saving checkpoint...