
======================= START! ========================

Dataset:
	Train set size = 6527
	Test set size = 725
	Vocabulary size = 10083
	Input layer size = 142
	Number of classes = 2

Output folder: /home/anhtu/IT/GR3/event-detection-cnn/output/run20180601-201938
Data processing OK, creating network...
Step 50 of 5000 (epoch 1), validation accuracy: 0.720558, validation loss: 84.9075
Saving checkpoint...
Step 100 of 5000 (epoch 2), validation accuracy: 0.7375, validation loss: 88.7835
Saving checkpoint...
Step 150 of 5000 (epoch 3), validation accuracy: 0.748575, validation loss: 87.0033
Saving checkpoint...
Step 200 of 5000 (epoch 4), validation accuracy: 0.756388, validation loss: 83.9679
Saving checkpoint...
Step 250 of 5000 (epoch 5), validation accuracy: 0.752482, validation loss: 85.711
Saving checkpoint...
Step 300 of 5000 (epoch 6), validation accuracy: 0.7642, validation loss: 80.607
Saving checkpoint...
Step 350 of 5000 (epoch 7), validation accuracy: 0.761596, validation loss: 80.7339
Saving checkpoint...
Step 400 of 5000 (epoch 8), validation accuracy: 0.764859, validation loss: 77.0228
Saving checkpoint...
Step 450 of 5000 (epoch 9), validation accuracy: 0.768765, validation loss: 75.5948
Saving checkpoint...
Step 500 of 5000 (epoch 10), validation accuracy: 0.773974, validation loss: 73.7115
Saving checkpoint...
Step 550 of 5000 (epoch 11), validation accuracy: 0.773974, validation loss: 71.4481
Saving checkpoint...
Step 600 of 5000 (epoch 12), validation accuracy: 0.779182, validation loss: 70.5817
Saving checkpoint...
Step 650 of 5000 (epoch 13), validation accuracy: 0.779841, validation loss: 69.3505
Saving checkpoint...
Step 700 of 5000 (epoch 14), validation accuracy: 0.768765, validation loss: 71.2344
Saving checkpoint...
Step 750 of 5000 (epoch 15), validation accuracy: 0.768765, validation loss: 69.8724
Saving checkpoint...
Step 800 of 5000 (epoch 16), validation accuracy: 0.783747, validation loss: 65.5369
Saving checkpoint...
Step 850 of 5000 (epoch 17), validation accuracy: 0.790916, validation loss: 64.4487
Saving checkpoint...
Step 900 of 5000 (epoch 18), validation accuracy: 0.778539, validation loss: 67.0609
Saving checkpoint...
Step 950 of 5000 (epoch 19), validation accuracy: 0.784406, validation loss: 64.5144
Saving checkpoint...
Step 1000 of 5000 (epoch 20), validation accuracy: 0.785708, validation loss: 64.2152
Saving checkpoint...
Step 1050 of 5000 (epoch 21), validation accuracy: 0.780499, validation loss: 65.7943
Saving checkpoint...
Step 1100 of 5000 (epoch 22), validation accuracy: 0.784406, validation loss: 63.0801
Saving checkpoint...
Step 1150 of 5000 (epoch 23), validation accuracy: 0.787669, validation loss: 63.5601
Saving checkpoint...
Step 1200 of 5000 (epoch 24), validation accuracy: 0.788297, validation loss: 58.1062
Saving checkpoint...
Step 1250 of 5000 (epoch 25), validation accuracy: 0.790257, validation loss: 58.2428
Saving checkpoint...
Step 1300 of 5000 (epoch 26), validation accuracy: 0.788297, validation loss: 57.329
Saving checkpoint...
Step 1350 of 5000 (epoch 27), validation accuracy: 0.792877, validation loss: 58.7299
Saving checkpoint...
Step 1400 of 5000 (epoch 28), validation accuracy: 0.792233, validation loss: 59.1562
Saving checkpoint...
Step 1450 of 5000 (epoch 29), validation accuracy: 0.793536, validation loss: 59.0465
Saving checkpoint...
Step 1500 of 5000 (epoch 30), validation accuracy: 0.791575, validation loss: 56.0992
Saving checkpoint...
Step 1550 of 5000 (epoch 31), validation accuracy: 0.799387, validation loss: 55.4529
Saving checkpoint...
Step 1600 of 5000 (epoch 32), validation accuracy: 0.796768, validation loss: 54.3488
Saving checkpoint...
Step 1650 of 5000 (epoch 33), validation accuracy: 0.799387, validation loss: 55.9156
Saving checkpoint...
Step 1700 of 5000 (epoch 34), validation accuracy: 0.798713, validation loss: 53.8996
Saving checkpoint...
Step 1750 of 5000 (epoch 35), validation accuracy: 0.801976, validation loss: 54.2141
Saving checkpoint...
Step 1800 of 5000 (epoch 36), validation accuracy: 0.800689, validation loss: 54.4202
Saving checkpoint...
Step 1850 of 5000 (epoch 37), validation accuracy: 0.800674, validation loss: 52.8353
Saving checkpoint...
Step 1900 of 5000 (epoch 38), validation accuracy: 0.801333, validation loss: 53.3495
Saving checkpoint...
Step 1950 of 5000 (epoch 39), validation accuracy: 0.802635, validation loss: 53.6462
Saving checkpoint...
Step 2000 of 5000 (epoch 40), validation accuracy: 0.80265, validation loss: 54.2629
Saving checkpoint...
Step 2050 of 5000 (epoch 41), validation accuracy: 0.796783, validation loss: 55.9465
Saving checkpoint...
Step 2100 of 5000 (epoch 42), validation accuracy: 0.807843, validation loss: 52.347
Saving checkpoint...
Step 2150 of 5000 (epoch 43), validation accuracy: 0.802619, validation loss: 51.6295
Saving checkpoint...
Step 2200 of 5000 (epoch 44), validation accuracy: 0.806541, validation loss: 52.0531
Saving checkpoint...
Step 2250 of 5000 (epoch 45), validation accuracy: 0.803906, validation loss: 50.4647
Saving checkpoint...
Step 2300 of 5000 (epoch 46), validation accuracy: 0.804565, validation loss: 50.7385
Saving checkpoint...
Step 2350 of 5000 (epoch 47), validation accuracy: 0.805208, validation loss: 50.2302
Saving checkpoint...
Step 2400 of 5000 (epoch 48), validation accuracy: 0.804565, validation loss: 50.3552
Saving checkpoint...
Step 2450 of 5000 (epoch 49), validation accuracy: 0.802604, validation loss: 50.0798
Saving checkpoint...
Step 2500 of 5000 (epoch 50), validation accuracy: 0.805239, validation loss: 51.0048
Saving checkpoint...
Step 2550 of 5000 (epoch 51), validation accuracy: 0.803263, validation loss: 50.1266
Saving checkpoint...
Step 2600 of 5000 (epoch 52), validation accuracy: 0.80458, validation loss: 50.9147
Saving checkpoint...
Step 2650 of 5000 (epoch 53), validation accuracy: 0.800674, validation loss: 51.4242
Saving checkpoint...
Step 2700 of 5000 (epoch 54), validation accuracy: 0.809115, validation loss: 49.2284
Saving checkpoint...
Step 2750 of 5000 (epoch 55), validation accuracy: 0.808487, validation loss: 50.3081
Saving checkpoint...
Step 2800 of 5000 (epoch 56), validation accuracy: 0.808487, validation loss: 50.0168
Saving checkpoint...
Step 2850 of 5000 (epoch 57), validation accuracy: 0.807813, validation loss: 48.8661
Saving checkpoint...
Step 2900 of 5000 (epoch 58), validation accuracy: 0.805867, validation loss: 48.9578
Saving checkpoint...
Step 2950 of 5000 (epoch 59), validation accuracy: 0.809773, validation loss: 48.9219
Saving checkpoint...
Step 3000 of 5000 (epoch 60), validation accuracy: 0.808487, validation loss: 49.8377
Saving checkpoint...
Step 3050 of 5000 (epoch 61), validation accuracy: 0.811075, validation loss: 48.6859
Saving checkpoint...
Step 3100 of 5000 (epoch 62), validation accuracy: 0.812393, validation loss: 48.7732
Saving checkpoint...
Step 3150 of 5000 (epoch 63), validation accuracy: 0.811734, validation loss: 48.6221
Saving checkpoint...
Step 3200 of 5000 (epoch 64), validation accuracy: 0.816942, validation loss: 48.639
Saving checkpoint...
Step 3250 of 5000 (epoch 65), validation accuracy: 0.824096, validation loss: 46.9393
Saving checkpoint...
Step 3300 of 5000 (epoch 66), validation accuracy: 0.82019, validation loss: 47.299
Saving checkpoint...
Step 3350 of 5000 (epoch 67), validation accuracy: 0.821492, validation loss: 47.4013
Saving checkpoint...
Step 3400 of 5000 (epoch 68), validation accuracy: 0.819547, validation loss: 48.197
Saving checkpoint...
Step 3450 of 5000 (epoch 69), validation accuracy: 0.821492, validation loss: 47.0141
Saving checkpoint...
Step 3500 of 5000 (epoch 70), validation accuracy: 0.824096, validation loss: 46.4418
Saving checkpoint...
Step 3550 of 5000 (epoch 71), validation accuracy: 0.81826, validation loss: 48.2074
Saving checkpoint...
Step 3600 of 5000 (epoch 72), validation accuracy: 0.82019, validation loss: 46.802
Saving checkpoint...
Step 3650 of 5000 (epoch 73), validation accuracy: 0.8267, validation loss: 46.1364
Saving checkpoint...
Step 3700 of 5000 (epoch 74), validation accuracy: 0.818903, validation loss: 47.5807
Saving checkpoint...
Step 3750 of 5000 (epoch 75), validation accuracy: 0.82019, validation loss: 46.6276
Saving checkpoint...
Step 3800 of 5000 (epoch 76), validation accuracy: 0.816284, validation loss: 47.0021
Saving checkpoint...
Step 3850 of 5000 (epoch 77), validation accuracy: 0.819562, validation loss: 47.9942
Saving checkpoint...
Step 3900 of 5000 (epoch 78), validation accuracy: 0.816284, validation loss: 46.7169
Saving checkpoint...
Step 3950 of 5000 (epoch 79), validation accuracy: 0.816284, validation loss: 47.0813
Saving checkpoint...
Step 4000 of 5000 (epoch 80), validation accuracy: 0.816284, validation loss: 46.6748
Saving checkpoint...
Step 4050 of 5000 (epoch 81), validation accuracy: 0.817586, validation loss: 46.9436
Saving checkpoint...
Step 4100 of 5000 (epoch 82), validation accuracy: 0.821492, validation loss: 46.3364
Saving checkpoint...
Step 4150 of 5000 (epoch 83), validation accuracy: 0.824096, validation loss: 46.152
Saving checkpoint...
Step 4200 of 5000 (epoch 84), validation accuracy: 0.817586, validation loss: 46.252
Saving checkpoint...
Step 4250 of 5000 (epoch 85), validation accuracy: 0.8267, validation loss: 45.9487
Saving checkpoint...
Step 4300 of 5000 (epoch 86), validation accuracy: 0.818888, validation loss: 46.5397
Saving checkpoint...
Step 4350 of 5000 (epoch 87), validation accuracy: 0.821492, validation loss: 46.3003
Saving checkpoint...
Step 4400 of 5000 (epoch 88), validation accuracy: 0.817586, validation loss: 47.0408
Saving checkpoint...
Step 4450 of 5000 (epoch 89), validation accuracy: 0.824096, validation loss: 46.2439
Saving checkpoint...
Step 4500 of 5000 (epoch 90), validation accuracy: 0.822794, validation loss: 46.2401
Saving checkpoint...
Step 4550 of 5000 (epoch 91), validation accuracy: 0.820849, validation loss: 47.4614
Saving checkpoint...
Step 4600 of 5000 (epoch 92), validation accuracy: 0.831265, validation loss: 45.6622
Saving checkpoint...
Step 4650 of 5000 (epoch 93), validation accuracy: 0.829963, validation loss: 45.8207
Saving checkpoint...
Step 4700 of 5000 (epoch 94), validation accuracy: 0.825398, validation loss: 46.9954
Saving checkpoint...
Step 4750 of 5000 (epoch 95), validation accuracy: 0.826057, validation loss: 47.1959
Saving checkpoint...
Step 4800 of 5000 (epoch 96), validation accuracy: 0.832567, validation loss: 46.0125
Saving checkpoint...
Step 4850 of 5000 (epoch 97), validation accuracy: 0.830622, validation loss: 46.4747
Saving checkpoint...
Step 4900 of 5000 (epoch 98), validation accuracy: 0.832567, validation loss: 45.8056
Saving checkpoint...
Step 4950 of 5000 (epoch 99), validation accuracy: 0.831924, validation loss: 46.2065
Saving checkpoint...
Step 5000 of 5000 (epoch 100), validation accuracy: 0.831924, validation loss: 46.553
Saving checkpoint...
Step 5050 of 5000 (epoch 101), validation accuracy: 0.833226, validation loss: 46.1348
Saving checkpoint...
End of training, validation accuracy: 0.841697, validation loss: 45.7092
Saving checkpoint...