
======================= START! ========================

Dataset:
	Train set size = 6527
	Test set size = 725
	Vocabulary size = 10083
	Input layer size = 142
	Number of classes = 2

Output folder: /home/anhtu/IT/GR3/event-detection-cnn/output/run20180602-091806
Data processing OK, creating network...
Step 50 of 7500 (epoch 1), validation accuracy: 0.724418, validation loss: 80.6523
Saving checkpoint...
Step 100 of 7500 (epoch 2), validation accuracy: 0.733532, validation loss: 80.5947
Saving checkpoint...
Step 150 of 7500 (epoch 3), validation accuracy: 0.743949, validation loss: 80.3555
Saving checkpoint...
Step 200 of 7500 (epoch 4), validation accuracy: 0.750459, validation loss: 77.7181
Saving checkpoint...
Step 250 of 7500 (epoch 5), validation accuracy: 0.755024, validation loss: 77.4923
Saving checkpoint...
Step 300 of 7500 (epoch 6), validation accuracy: 0.762194, validation loss: 74.72
Saving checkpoint...
Step 350 of 7500 (epoch 7), validation accuracy: 0.768045, validation loss: 76.4134
Saving checkpoint...
Step 400 of 7500 (epoch 8), validation accuracy: 0.773912, validation loss: 75.6063
Saving checkpoint...
Step 450 of 7500 (epoch 9), validation accuracy: 0.77716, validation loss: 69.6224
Saving checkpoint...
Step 500 of 7500 (epoch 10), validation accuracy: 0.77716, validation loss: 67.33
Saving checkpoint...
Step 550 of 7500 (epoch 11), validation accuracy: 0.778462, validation loss: 69.1075
Saving checkpoint...
Step 600 of 7500 (epoch 12), validation accuracy: 0.782368, validation loss: 66.9315
Saving checkpoint...
Step 650 of 7500 (epoch 13), validation accuracy: 0.786274, validation loss: 64.0919
Saving checkpoint...
Step 700 of 7500 (epoch 14), validation accuracy: 0.781725, validation loss: 71.4003
Saving checkpoint...
Step 750 of 7500 (epoch 15), validation accuracy: 0.783027, validation loss: 72.0937
Saving checkpoint...
Step 800 of 7500 (epoch 16), validation accuracy: 0.782368, validation loss: 65.145
Saving checkpoint...
Step 850 of 7500 (epoch 17), validation accuracy: 0.78367, validation loss: 65.0912
Saving checkpoint...
Step 900 of 7500 (epoch 18), validation accuracy: 0.784972, validation loss: 62.7585
Saving checkpoint...
Step 950 of 7500 (epoch 19), validation accuracy: 0.784972, validation loss: 63.5324
Saving checkpoint...
Step 1000 of 7500 (epoch 20), validation accuracy: 0.792142, validation loss: 60.3258
Saving checkpoint...
Step 1050 of 7500 (epoch 21), validation accuracy: 0.788235, validation loss: 62.0333
Saving checkpoint...
Step 1100 of 7500 (epoch 22), validation accuracy: 0.790196, validation loss: 63.2415
Saving checkpoint...
Step 1150 of 7500 (epoch 23), validation accuracy: 0.790855, validation loss: 61.5321
Saving checkpoint...
Step 1200 of 7500 (epoch 24), validation accuracy: 0.794102, validation loss: 59.6501
Saving checkpoint...
Step 1250 of 7500 (epoch 25), validation accuracy: 0.799295, validation loss: 56.2193
Saving checkpoint...
Step 1300 of 7500 (epoch 26), validation accuracy: 0.798009, validation loss: 58.4442
Saving checkpoint...
Step 1350 of 7500 (epoch 27), validation accuracy: 0.799311, validation loss: 57.7428
Saving checkpoint...
Step 1400 of 7500 (epoch 28), validation accuracy: 0.797365, validation loss: 58.7565
Saving checkpoint...
Step 1450 of 7500 (epoch 29), validation accuracy: 0.803217, validation loss: 56.2385
Saving checkpoint...
Step 1500 of 7500 (epoch 30), validation accuracy: 0.807782, validation loss: 55.6016
Saving checkpoint...
Step 1550 of 7500 (epoch 31), validation accuracy: 0.804534, validation loss: 58.1263
Saving checkpoint...
Step 1600 of 7500 (epoch 32), validation accuracy: 0.802574, validation loss: 55.608
Saving checkpoint...
Step 1650 of 7500 (epoch 33), validation accuracy: 0.805836, validation loss: 55.7803
Saving checkpoint...
Step 1700 of 7500 (epoch 34), validation accuracy: 0.805193, validation loss: 55.3893
Saving checkpoint...
Step 1750 of 7500 (epoch 35), validation accuracy: 0.809099, validation loss: 55.55
Saving checkpoint...
Step 1800 of 7500 (epoch 36), validation accuracy: 0.805193, validation loss: 55.1469
Saving checkpoint...
Step 1850 of 7500 (epoch 37), validation accuracy: 0.808456, validation loss: 55.0307
Saving checkpoint...
Step 1900 of 7500 (epoch 38), validation accuracy: 0.811045, validation loss: 52.2245
Saving checkpoint...
Step 1950 of 7500 (epoch 39), validation accuracy: 0.812362, validation loss: 53.2199
Saving checkpoint...
Step 2000 of 7500 (epoch 40), validation accuracy: 0.814323, validation loss: 53.6296
Saving checkpoint...
Step 2050 of 7500 (epoch 41), validation accuracy: 0.816927, validation loss: 53.1391
Saving checkpoint...
Step 2100 of 7500 (epoch 42), validation accuracy: 0.811703, validation loss: 51.5977
Saving checkpoint...
Step 2150 of 7500 (epoch 43), validation accuracy: 0.816927, validation loss: 53.3336
Saving checkpoint...
Step 2200 of 7500 (epoch 44), validation accuracy: 0.813006, validation loss: 50.7829
Saving checkpoint...
Step 2250 of 7500 (epoch 45), validation accuracy: 0.811703, validation loss: 50.6193
Saving checkpoint...
Step 2300 of 7500 (epoch 46), validation accuracy: 0.818229, validation loss: 52.8067
Saving checkpoint...
Step 2350 of 7500 (epoch 47), validation accuracy: 0.813006, validation loss: 51.2512
Saving checkpoint...
Step 2400 of 7500 (epoch 48), validation accuracy: 0.819531, validation loss: 51.3718
Saving checkpoint...
Step 2450 of 7500 (epoch 49), validation accuracy: 0.811045, validation loss: 49.8629
Saving checkpoint...
Step 2500 of 7500 (epoch 50), validation accuracy: 0.813006, validation loss: 50.0935
Saving checkpoint...
Step 2550 of 7500 (epoch 51), validation accuracy: 0.81757, validation loss: 51.1148
Saving checkpoint...
Step 2600 of 7500 (epoch 52), validation accuracy: 0.813006, validation loss: 49.6451
Saving checkpoint...
Step 2650 of 7500 (epoch 53), validation accuracy: 0.809743, validation loss: 48.8792
Saving checkpoint...
Step 2700 of 7500 (epoch 54), validation accuracy: 0.813649, validation loss: 49.2102
Saving checkpoint...
Step 2750 of 7500 (epoch 55), validation accuracy: 0.81561, validation loss: 49.2168
Saving checkpoint...
Step 2800 of 7500 (epoch 56), validation accuracy: 0.814308, validation loss: 47.6976
Saving checkpoint...
Step 2850 of 7500 (epoch 57), validation accuracy: 0.81561, validation loss: 49.1037
Saving checkpoint...
Step 2900 of 7500 (epoch 58), validation accuracy: 0.814308, validation loss: 48.767
Saving checkpoint...
Step 2950 of 7500 (epoch 59), validation accuracy: 0.81561, validation loss: 48.1829
Saving checkpoint...
Step 3000 of 7500 (epoch 60), validation accuracy: 0.813006, validation loss: 48.5434
Saving checkpoint...
Step 3050 of 7500 (epoch 61), validation accuracy: 0.809099, validation loss: 47.4655
Saving checkpoint...
Step 3100 of 7500 (epoch 62), validation accuracy: 0.81561, validation loss: 49.1257
Saving checkpoint...
Step 3150 of 7500 (epoch 63), validation accuracy: 0.814308, validation loss: 47.0267
Saving checkpoint...
Step 3200 of 7500 (epoch 64), validation accuracy: 0.813006, validation loss: 48.2608
Saving checkpoint...
Step 3250 of 7500 (epoch 65), validation accuracy: 0.814966, validation loss: 47.7928
Saving checkpoint...
Step 3300 of 7500 (epoch 66), validation accuracy: 0.81561, validation loss: 47.0147
Saving checkpoint...
Step 3350 of 7500 (epoch 67), validation accuracy: 0.813664, validation loss: 48.8929
Saving checkpoint...
Step 3400 of 7500 (epoch 68), validation accuracy: 0.816268, validation loss: 46.9879
Saving checkpoint...
Step 3450 of 7500 (epoch 69), validation accuracy: 0.816268, validation loss: 46.9734
Saving checkpoint...
Step 3500 of 7500 (epoch 70), validation accuracy: 0.821477, validation loss: 46.2199
Saving checkpoint...
Step 3550 of 7500 (epoch 71), validation accuracy: 0.81757, validation loss: 48.5456
Saving checkpoint...
Step 3600 of 7500 (epoch 72), validation accuracy: 0.814966, validation loss: 48.2315
Saving checkpoint...
Step 3650 of 7500 (epoch 73), validation accuracy: 0.815625, validation loss: 48.6602
Saving checkpoint...
Step 3700 of 7500 (epoch 74), validation accuracy: 0.816927, validation loss: 49.3423
Saving checkpoint...
Step 3750 of 7500 (epoch 75), validation accuracy: 0.82019, validation loss: 47.6207
Saving checkpoint...
Step 3800 of 7500 (epoch 76), validation accuracy: 0.822779, validation loss: 46.3812
Saving checkpoint...
Step 3850 of 7500 (epoch 77), validation accuracy: 0.818888, validation loss: 47.4305
Saving checkpoint...
Step 3900 of 7500 (epoch 78), validation accuracy: 0.820833, validation loss: 46.5685
Saving checkpoint...
Step 3950 of 7500 (epoch 79), validation accuracy: 0.828646, validation loss: 45.8331
Saving checkpoint...
Step 4000 of 7500 (epoch 80), validation accuracy: 0.822135, validation loss: 46.3956
Saving checkpoint...
Step 4050 of 7500 (epoch 81), validation accuracy: 0.816927, validation loss: 47.7052
Saving checkpoint...
Step 4100 of 7500 (epoch 82), validation accuracy: 0.827344, validation loss: 45.9141
Saving checkpoint...
Step 4150 of 7500 (epoch 83), validation accuracy: 0.82474, validation loss: 46.1087
Saving checkpoint...
Step 4200 of 7500 (epoch 84), validation accuracy: 0.815625, validation loss: 47.4339
Saving checkpoint...
Step 4250 of 7500 (epoch 85), validation accuracy: 0.816927, validation loss: 47.2033
Saving checkpoint...
Step 4300 of 7500 (epoch 86), validation accuracy: 0.822794, validation loss: 47.1259
Saving checkpoint...
Step 4350 of 7500 (epoch 87), validation accuracy: 0.826042, validation loss: 45.8476
Saving checkpoint...
Step 4400 of 7500 (epoch 88), validation accuracy: 0.827344, validation loss: 45.9695
Saving checkpoint...
Step 4450 of 7500 (epoch 89), validation accuracy: 0.8267, validation loss: 46.8094
Saving checkpoint...
Step 4500 of 7500 (epoch 90), validation accuracy: 0.8267, validation loss: 46.8558
Saving checkpoint...
Step 4550 of 7500 (epoch 91), validation accuracy: 0.826042, validation loss: 45.9037
Saving checkpoint...
Step 4600 of 7500 (epoch 92), validation accuracy: 0.829948, validation loss: 45.5986
Saving checkpoint...
Step 4650 of 7500 (epoch 93), validation accuracy: 0.829948, validation loss: 46.4843
Saving checkpoint...
Step 4700 of 7500 (epoch 94), validation accuracy: 0.825398, validation loss: 48.1931
Saving checkpoint...
Step 4750 of 7500 (epoch 95), validation accuracy: 0.828002, validation loss: 47.6358
Saving checkpoint...
Step 4800 of 7500 (epoch 96), validation accuracy: 0.827344, validation loss: 47.0537
Saving checkpoint...
Step 4850 of 7500 (epoch 97), validation accuracy: 0.829948, validation loss: 45.9026
Saving checkpoint...
Step 4900 of 7500 (epoch 98), validation accuracy: 0.828646, validation loss: 46.049
Saving checkpoint...
Step 4950 of 7500 (epoch 99), validation accuracy: 0.829948, validation loss: 45.5293
Saving checkpoint...
Step 5000 of 7500 (epoch 100), validation accuracy: 0.829948, validation loss: 45.5161
Saving checkpoint...
Step 5050 of 7500 (epoch 101), validation accuracy: 0.828646, validation loss: 46.212
Saving checkpoint...
Step 5100 of 7500 (epoch 102), validation accuracy: 0.829948, validation loss: 46.4289
Saving checkpoint...
Step 5150 of 7500 (epoch 103), validation accuracy: 0.828646, validation loss: 46.6098
Saving checkpoint...
Step 5200 of 7500 (epoch 104), validation accuracy: 0.828646, validation loss: 47.4092
Saving checkpoint...
Step 5250 of 7500 (epoch 105), validation accuracy: 0.833854, validation loss: 45.6693
Saving checkpoint...
Step 5300 of 7500 (epoch 106), validation accuracy: 0.829948, validation loss: 46.4715
Saving checkpoint...
Step 5350 of 7500 (epoch 107), validation accuracy: 0.832552, validation loss: 46.2461
Saving checkpoint...
Step 5400 of 7500 (epoch 108), validation accuracy: 0.83125, validation loss: 46.4604
Saving checkpoint...
Step 5450 of 7500 (epoch 109), validation accuracy: 0.83125, validation loss: 46.6414
Saving checkpoint...
Step 5500 of 7500 (epoch 110), validation accuracy: 0.833854, validation loss: 45.6094
Saving checkpoint...
Step 5550 of 7500 (epoch 111), validation accuracy: 0.83125, validation loss: 46.4956
Saving checkpoint...
Step 5600 of 7500 (epoch 112), validation accuracy: 0.832552, validation loss: 46.4716
Saving checkpoint...
Step 5650 of 7500 (epoch 113), validation accuracy: 0.832552, validation loss: 46.4549
Saving checkpoint...
Step 5700 of 7500 (epoch 114), validation accuracy: 0.833854, validation loss: 46.1079
Saving checkpoint...
Step 5750 of 7500 (epoch 115), validation accuracy: 0.83125, validation loss: 47.1647
Saving checkpoint...
Step 5800 of 7500 (epoch 116), validation accuracy: 0.832552, validation loss: 47.7677
Saving checkpoint...
Step 5850 of 7500 (epoch 117), validation accuracy: 0.83125, validation loss: 46.5233
Saving checkpoint...
Step 5900 of 7500 (epoch 118), validation accuracy: 0.832552, validation loss: 46.5492
Saving checkpoint...
Step 5950 of 7500 (epoch 119), validation accuracy: 0.833854, validation loss: 47.4393
Saving checkpoint...
Step 6000 of 7500 (epoch 120), validation accuracy: 0.835156, validation loss: 48.0605
Saving checkpoint...
Step 6050 of 7500 (epoch 121), validation accuracy: 0.835156, validation loss: 48.4901
Saving checkpoint...
Step 6100 of 7500 (epoch 122), validation accuracy: 0.836458, validation loss: 47.9807
Saving checkpoint...
Step 6150 of 7500 (epoch 123), validation accuracy: 0.833854, validation loss: 47.7105
Saving checkpoint...
Step 6200 of 7500 (epoch 124), validation accuracy: 0.833854, validation loss: 47.9467
Saving checkpoint...
Step 6250 of 7500 (epoch 125), validation accuracy: 0.835156, validation loss: 48.7356
Saving checkpoint...
Step 6300 of 7500 (epoch 126), validation accuracy: 0.833854, validation loss: 47.2
Saving checkpoint...
Step 6350 of 7500 (epoch 127), validation accuracy: 0.836458, validation loss: 48.5739
Saving checkpoint...
Step 6400 of 7500 (epoch 128), validation accuracy: 0.836458, validation loss: 48.1697
Saving checkpoint...
Step 6450 of 7500 (epoch 129), validation accuracy: 0.833854, validation loss: 47.7613
Saving checkpoint...
Step 6500 of 7500 (epoch 130), validation accuracy: 0.833854, validation loss: 47.7307
Saving checkpoint...
Step 6550 of 7500 (epoch 131), validation accuracy: 0.833211, validation loss: 47.4197
Saving checkpoint...
Step 6600 of 7500 (epoch 132), validation accuracy: 0.832552, validation loss: 47.7564
Saving checkpoint...
Step 6650 of 7500 (epoch 133), validation accuracy: 0.836458, validation loss: 48.9473
Saving checkpoint...
Step 6700 of 7500 (epoch 134), validation accuracy: 0.832552, validation loss: 48.0788
Saving checkpoint...
Step 6750 of 7500 (epoch 135), validation accuracy: 0.836458, validation loss: 49.2842
Saving checkpoint...
Step 6800 of 7500 (epoch 136), validation accuracy: 0.835156, validation loss: 50.351
Saving checkpoint...
Step 6850 of 7500 (epoch 137), validation accuracy: 0.835156, validation loss: 48.7125
Saving checkpoint...
Step 6900 of 7500 (epoch 138), validation accuracy: 0.835156, validation loss: 48.5455
Saving checkpoint...
Step 6950 of 7500 (epoch 139), validation accuracy: 0.836458, validation loss: 49.2304
Saving checkpoint...
Step 7000 of 7500 (epoch 140), validation accuracy: 0.836458, validation loss: 49.4746
Saving checkpoint...
Step 7050 of 7500 (epoch 141), validation accuracy: 0.834513, validation loss: 49.055
Saving checkpoint...
Step 7100 of 7500 (epoch 142), validation accuracy: 0.834513, validation loss: 48.8201
Saving checkpoint...
Step 7150 of 7500 (epoch 143), validation accuracy: 0.836458, validation loss: 50.8256
Saving checkpoint...
Step 7200 of 7500 (epoch 144), validation accuracy: 0.836458, validation loss: 50.1056
Saving checkpoint...
Step 7250 of 7500 (epoch 145), validation accuracy: 0.83776, validation loss: 50.9693
Saving checkpoint...
Step 7300 of 7500 (epoch 146), validation accuracy: 0.834513, validation loss: 49.6383
Saving checkpoint...
Step 7350 of 7500 (epoch 147), validation accuracy: 0.834513, validation loss: 49.9473
Saving checkpoint...
Step 7400 of 7500 (epoch 148), validation accuracy: 0.834513, validation loss: 49.8003
Saving checkpoint...
Step 7450 of 7500 (epoch 149), validation accuracy: 0.839721, validation loss: 51.5105
Saving checkpoint...
Step 7500 of 7500 (epoch 150), validation accuracy: 0.838419, validation loss: 51.8152
Saving checkpoint...
Step 7550 of 7500 (epoch 151), validation accuracy: 0.838419, validation loss: 51.0945
Saving checkpoint...
Step 7600 of 7500 (epoch 152), validation accuracy: 0.838419, validation loss: 51.0069
Saving checkpoint...
End of training, validation accuracy: 0.834513, validation loss: 50.6592
Saving checkpoint...