
======================= START! ========================

Dataset:
	Train set size = 4146
	Test set size = 460
	Vocabulary size = 8558
	Input layer size = 142
	Number of classes = 2

Output folder: /home/anhtu/IT/GR3/twitter-event-cnn/output/run20180516-000707
Data processing OK, creating network...
Step 32 of 160 (epoch 1), validation accuracy: 0.932771, validation loss: 47.6986
Saving checkpoint...
Step 64 of 160 (epoch 2), validation accuracy: 0.932771, validation loss: 60.0144
Saving checkpoint...
Step 96 of 160 (epoch 3), validation accuracy: 0.932771, validation loss: 55.2472
Saving checkpoint...
Step 128 of 160 (epoch 4), validation accuracy: 0.936061, validation loss: 51.4447
Saving checkpoint...
Step 160 of 160 (epoch 5), validation accuracy: 0.938014, validation loss: 49.7244
Saving checkpoint...
End of training, validation accuracy: 0.938014, validation loss: 49.7808
Saving checkpoint...